

In CurlFactory.php line 186:
                                                                               
  cURL error 6: Could not resolve host: online.moysklad.ru; Name or service n  
  ot known (see http://curl.haxx.se/libcurl/c/libcurl-errors.html)             
                                                                               


In ApiResponseException.php line 21:
                                            
  Undefined property: stdClass::$errorText  
                                            


In ApiResponseException.php line 21:
                                            
  Undefined property: stdClass::$errorText  
                                            


In ApiResponseException.php line 21:
                                            
  Undefined property: stdClass::$errorText  
                                            


In ApiResponseException.php line 21:
                                            
  Undefined property: stdClass::$errorText  
                                            


In ApiResponseException.php line 21:
                                            
  Undefined property: stdClass::$errorText  
                                            


In RequestException.php line 113:
                                                                               
  Server error: `GET https://online.moysklad.ru/api/remap/1.1/report/stock/al  
  l?limit=100&offset=0&maxResults=0&stockMode=all` resulted in a `502 Bad Gat  
  eway` response:                                                              
  {                                                                            
      "errors": [                                                              
          {                                                                    
              "code" : 502,                                                    
              "error": "Service Unavailable"                                   
          }                                                                    
      ]                                                                        
  }                                                                            
                                                                               


In REST.php line 118:
                                                               
  {                                                            
    "error": {                                                 
      "code": 503,                                             
      "message": "The service is currently unavailable.",      
      "errors": [                                              
        {                                                      
          "message": "The service is currently unavailable.",  
          "domain": "global",                                  
          "reason": "backendError"                             
        }                                                      
      ],                                                       
      "status": "UNAVAILABLE"                                  
    }                                                          
  }                                                            
                                                               


In REST.php line 118:
                                                               
  {                                                            
    "error": {                                                 
      "code": 503,                                             
      "message": "The service is currently unavailable.",      
      "errors": [                                              
        {                                                      
          "message": "The service is currently unavailable.",  
          "domain": "global",                                  
          "reason": "backendError"                             
        }                                                      
      ],                                                       
      "status": "UNAVAILABLE"                                  
    }                                                          
  }                                                            
                                                               


In RequestException.php line 113:
                                                                               
  Server error: `GET https://online.moysklad.ru/api/remap/1.1/report/stock/al  
  l?limit=100&offset=0&maxResults=0&stockMode=all` resulted in a `502 Bad Gat  
  eway` response:                                                              
  {                                                                            
      "errors": [                                                              
          {                                                                    
              "code" : 502,                                                    
              "error": "Service Unavailable"                                   
          }                                                                    
      ]                                                                        
  }                                                                            
                                                                               


In RequestException.php line 113:
                                                                               
  Server error: `GET https://online.moysklad.ru/api/remap/1.1/report/stock/al  
  l?limit=100&offset=0&maxResults=0&stockMode=all` resulted in a `502 Bad Gat  
  eway` response:                                                              
  {                                                                            
      "errors": [                                                              
          {                                                                    
              "code" : 502,                                                    
              "error": "Service Unavailable"                                   
          }                                                                    
      ]                                                                        
  }                                                                            
                                                                               


In RequestException.php line 113:
                                                                               
  Server error: `GET https://online.moysklad.ru/api/remap/1.1/report/stock/al  
  l?limit=100&offset=0&maxResults=0&stockMode=all` resulted in a `502 Bad Gat  
  eway` response:                                                              
  {                                                                            
      "errors": [                                                              
          {                                                                    
              "code" : 502,                                                    
              "error": "Service Unavailable"                                   
          }                                                                    
      ]                                                                        
  }                                                                            
                                                                               


In Connection.php line 664:
                                                                               
  SQLSTATE[42000]: Syntax error or access violation: 1701 Cannot truncate a t  
  able referenced in a foreign key constraint (`moysklad`.`images`, CONSTRAIN  
  T `images_products_product_id_fk` FOREIGN KEY (`product_id`) REFERENCES `mo  
  ysklad`.`products` (`product_id`)) (SQL: truncate `products`)                
                                                                               

In Connection.php line 458:
                                                                               
  SQLSTATE[42000]: Syntax error or access violation: 1701 Cannot truncate a t  
  able referenced in a foreign key constraint (`moysklad`.`images`, CONSTRAIN  
  T `images_products_product_id_fk` FOREIGN KEY (`product_id`) REFERENCES `mo  
  ysklad`.`products` (`product_id`))                                           
                                                                               


In Connection.php line 664:
                                                                               
  SQLSTATE[42000]: Syntax error or access violation: 1701 Cannot truncate a t  
  able referenced in a foreign key constraint (`moysklad`.`images`, CONSTRAIN  
  T `images_products_product_id_fk` FOREIGN KEY (`product_id`) REFERENCES `mo  
  ysklad`.`products` (`product_id`)) (SQL: truncate `products`)                
                                                                               

In Connection.php line 458:
                                                                               
  SQLSTATE[42000]: Syntax error or access violation: 1701 Cannot truncate a t  
  able referenced in a foreign key constraint (`moysklad`.`images`, CONSTRAIN  
  T `images_products_product_id_fk` FOREIGN KEY (`product_id`) REFERENCES `mo  
  ysklad`.`products` (`product_id`))                                           
                                                                               


In Connection.php line 664:
                                                                               
  SQLSTATE[42000]: Syntax error or access violation: 1701 Cannot truncate a t  
  able referenced in a foreign key constraint (`moysklad`.`images`, CONSTRAIN  
  T `images_products_product_id_fk` FOREIGN KEY (`product_id`) REFERENCES `mo  
  ysklad`.`products` (`product_id`)) (SQL: truncate `products`)                
                                                                               

In Connection.php line 458:
                                                                               
  SQLSTATE[42000]: Syntax error or access violation: 1701 Cannot truncate a t  
  able referenced in a foreign key constraint (`moysklad`.`images`, CONSTRAIN  
  T `images_products_product_id_fk` FOREIGN KEY (`product_id`) REFERENCES `mo  
  ysklad`.`products` (`product_id`))                                           
                                                                               


In Connection.php line 664:
                                                                               
  SQLSTATE[42000]: Syntax error or access violation: 1701 Cannot truncate a t  
  able referenced in a foreign key constraint (`moysklad`.`images`, CONSTRAIN  
  T `images_products_product_id_fk` FOREIGN KEY (`product_id`) REFERENCES `mo  
  ysklad`.`products` (`product_id`)) (SQL: truncate `products`)                
                                                                               

In Connection.php line 458:
                                                                               
  SQLSTATE[42000]: Syntax error or access violation: 1701 Cannot truncate a t  
  able referenced in a foreign key constraint (`moysklad`.`images`, CONSTRAIN  
  T `images_products_product_id_fk` FOREIGN KEY (`product_id`) REFERENCES `mo  
  ysklad`.`products` (`product_id`))                                           
                                                                               


In Connection.php line 664:
                                                                               
  SQLSTATE[42000]: Syntax error or access violation: 1701 Cannot truncate a t  
  able referenced in a foreign key constraint (`moysklad`.`images`, CONSTRAIN  
  T `images_products_product_id_fk` FOREIGN KEY (`product_id`) REFERENCES `mo  
  ysklad`.`products` (`product_id`)) (SQL: truncate `products`)                
                                                                               

In Connection.php line 458:
                                                                               
  SQLSTATE[42000]: Syntax error or access violation: 1701 Cannot truncate a t  
  able referenced in a foreign key constraint (`moysklad`.`images`, CONSTRAIN  
  T `images_products_product_id_fk` FOREIGN KEY (`product_id`) REFERENCES `mo  
  ysklad`.`products` (`product_id`))                                           
                                                                               


In Connection.php line 664:
                                                                               
  SQLSTATE[42000]: Syntax error or access violation: 1701 Cannot truncate a t  
  able referenced in a foreign key constraint (`moysklad`.`images`, CONSTRAIN  
  T `images_products_product_id_fk` FOREIGN KEY (`product_id`) REFERENCES `mo  
  ysklad`.`products` (`product_id`)) (SQL: truncate `products`)                
                                                                               

In Connection.php line 458:
                                                                               
  SQLSTATE[42000]: Syntax error or access violation: 1701 Cannot truncate a t  
  able referenced in a foreign key constraint (`moysklad`.`images`, CONSTRAIN  
  T `images_products_product_id_fk` FOREIGN KEY (`product_id`) REFERENCES `mo  
  ysklad`.`products` (`product_id`))                                           
                                                                               


In Connection.php line 664:
                                                                               
  SQLSTATE[23000]: Integrity constraint violation: 1062 Duplicate entry '77a1  
  57fa-37a3-11e7-7a69-93a700810a5f' for key 'products_external_code_uindex' (  
  SQL: insert into `products` (`name`, `articul`, `is_remained`, `price`, `im  
  age_download_href`, `product_id`) values (Кроссовки Adidas Hamburg Blue (40  
  ), 5016-4, 0, 1980.00, https://online.moysklad.ru/api/remap/1.1/download/7e  
  8749ae-37a5-11e7-7a34-5acf00365bbb, 77a157fa-37a3-11e7-7a69-93a700810a5f))   
                                                                               

In Connection.php line 458:
                                                                               
  SQLSTATE[23000]: Integrity constraint violation: 1062 Duplicate entry '77a1  
  57fa-37a3-11e7-7a69-93a700810a5f' for key 'products_external_code_uindex'    
                                                                               


In Connection.php line 664:
                                                                               
  SQLSTATE[42000]: Syntax error or access violation: 1701 Cannot truncate a t  
  able referenced in a foreign key constraint (`moysklad`.`images`, CONSTRAIN  
  T `images_products_product_id_fk` FOREIGN KEY (`product_id`) REFERENCES `mo  
  ysklad`.`products` (`product_id`)) (SQL: truncate `products`)                
                                                                               

In Connection.php line 458:
                                                                               
  SQLSTATE[42000]: Syntax error or access violation: 1701 Cannot truncate a t  
  able referenced in a foreign key constraint (`moysklad`.`images`, CONSTRAIN  
  T `images_products_product_id_fk` FOREIGN KEY (`product_id`) REFERENCES `mo  
  ysklad`.`products` (`product_id`))                                           
                                                                               


In Connection.php line 664:
                                                                               
  SQLSTATE[23000]: Integrity constraint violation: 1062 Duplicate entry '77a1  
  57fa-37a3-11e7-7a69-93a700810a5f' for key 'products_external_code_uindex' (  
  SQL: insert into `products` (`name`, `articul`, `is_remained`, `price`, `im  
  age_download_href`, `product_id`) values (Кроссовки Adidas Hamburg Blue (40  
  ), 5016-4, 0, 1980.00, https://online.moysklad.ru/api/remap/1.1/download/7e  
  8749ae-37a5-11e7-7a34-5acf00365bbb, 77a157fa-37a3-11e7-7a69-93a700810a5f))   
                                                                               

In Connection.php line 458:
                                                                               
  SQLSTATE[23000]: Integrity constraint violation: 1062 Duplicate entry '77a1  
  57fa-37a3-11e7-7a69-93a700810a5f' for key 'products_external_code_uindex'    
                                                                               


In Connection.php line 664:
                                                                               
  SQLSTATE[42000]: Syntax error or access violation: 1701 Cannot truncate a t  
  able referenced in a foreign key constraint (`moysklad`.`images`, CONSTRAIN  
  T `images_products_product_id_fk` FOREIGN KEY (`product_id`) REFERENCES `mo  
  ysklad`.`products` (`product_id`)) (SQL: truncate `products`)                
                                                                               

In Connection.php line 458:
                                                                               
  SQLSTATE[42000]: Syntax error or access violation: 1701 Cannot truncate a t  
  able referenced in a foreign key constraint (`moysklad`.`images`, CONSTRAIN  
  T `images_products_product_id_fk` FOREIGN KEY (`product_id`) REFERENCES `mo  
  ysklad`.`products` (`product_id`))                                           
                                                                               


In Connection.php line 664:
                                                                               
  SQLSTATE[23000]: Integrity constraint violation: 1062 Duplicate entry '77a1  
  57fa-37a3-11e7-7a69-93a700810a5f' for key 'products_external_code_uindex' (  
  SQL: insert into `products` (`name`, `articul`, `is_remained`, `price`, `im  
  age_download_href`, `product_id`) values (Кроссовки Adidas Hamburg Blue (40  
  ), 5016-4, 0, 1980.00, https://online.moysklad.ru/api/remap/1.1/download/7e  
  8749ae-37a5-11e7-7a34-5acf00365bbb, 77a157fa-37a3-11e7-7a69-93a700810a5f))   
                                                                               

In Connection.php line 458:
                                                                               
  SQLSTATE[23000]: Integrity constraint violation: 1062 Duplicate entry '77a1  
  57fa-37a3-11e7-7a69-93a700810a5f' for key 'products_external_code_uindex'    
                                                                               


In Connection.php line 664:
                                                                               
  SQLSTATE[42000]: Syntax error or access violation: 1701 Cannot truncate a t  
  able referenced in a foreign key constraint (`moysklad`.`images`, CONSTRAIN  
  T `images_products_product_id_fk` FOREIGN KEY (`product_id`) REFERENCES `mo  
  ysklad`.`products` (`product_id`)) (SQL: truncate `products`)                
                                                                               

In Connection.php line 458:
                                                                               
  SQLSTATE[42000]: Syntax error or access violation: 1701 Cannot truncate a t  
  able referenced in a foreign key constraint (`moysklad`.`images`, CONSTRAIN  
  T `images_products_product_id_fk` FOREIGN KEY (`product_id`) REFERENCES `mo  
  ysklad`.`products` (`product_id`))                                           
                                                                               


In Connection.php line 664:
                                                                               
  SQLSTATE[23000]: Integrity constraint violation: 1062 Duplicate entry '77a1  
  57fa-37a3-11e7-7a69-93a700810a5f' for key 'products_external_code_uindex' (  
  SQL: insert into `products` (`name`, `articul`, `is_remained`, `price`, `im  
  age_download_href`, `product_id`) values (Кроссовки Adidas Hamburg Blue (40  
  ), 5016-4, 0, 1980.00, https://online.moysklad.ru/api/remap/1.1/download/7e  
  8749ae-37a5-11e7-7a34-5acf00365bbb, 77a157fa-37a3-11e7-7a69-93a700810a5f))   
                                                                               

In Connection.php line 458:
                                                                               
  SQLSTATE[23000]: Integrity constraint violation: 1062 Duplicate entry '77a1  
  57fa-37a3-11e7-7a69-93a700810a5f' for key 'products_external_code_uindex'    
                                                                               


In RequestException.php line 113:
                                                                               
  Server error: `GET https://online.moysklad.ru/api/remap/1.1/report/stock/al  
  l?limit=100&offset=0&maxResults=0&stockMode=all` resulted in a `502 Bad Gat  
  eway` response:                                                              
  {                                                                            
      "errors": [                                                              
          {                                                                    
              "code" : 502,                                                    
              "error": "Service Unavailable"                                   
          }                                                                    
      ]                                                                        
  }                                                                            
                                                                               

